# JRE version: OpenJDK Runtime Environment (8.0_222-b10) (build 1.8.0_222-b10)
# Java VM: OpenJDK 64-Bit Server VM (25.222-b10 mixed mode windows-amd64 compressed oops)
Heap:
 PSYoungGen      total 138240K, used 76657K [0x000000076d980000, 0x0000000776a80000, 0x00000007c0000000)
  eden space 128000K, 51% used [0x000000076d980000,0x0000000771a606a8,0x0000000775680000)
  from space 10240K, 99% used [0x0000000776080000,0x0000000776a7c010,0x0000000776a80000)
  to   space 10240K, 0% used [0x0000000775680000,0x0000000775680000,0x0000000776080000)
 ParOldGen       total 169472K, used 27390K [0x00000006c8c00000, 0x00000006d3180000, 0x000000076d980000)
  object space 169472K, 16% used [0x00000006c8c00000,0x00000006ca6bfb18,0x00000006d3180000)
 Metaspace       used 20079K, capacity 20716K, committed 20992K, reserved 1067008K
  class space    used 2320K, capacity 2524K, committed 2560K, reserved 1048576K
GC Heap History (10 events):
Event: 8.610 GC heap before
{Heap before GC invocations=2 (full 0):
 PSYoungGen      total 74240K, used 73865K [0x000000076d980000, 0x0000000772c00000, 0x00000007c0000000)
  eden space 64000K, 100% used [0x000000076d980000,0x0000000771800000,0x0000000771800000)
  from space 10240K, 96% used [0x0000000771800000,0x00000007721a2460,0x0000000772200000)
  to   space 10240K, 0% used [0x0000000772200000,0x0000000772200000,0x0000000772c00000)
 ParOldGen       total 169472K, used 16K [0x00000006c8c00000, 0x00000006d3180000, 0x000000076d980000)
  object space 169472K, 0% used [0x00000006c8c00000,0x00000006c8c04000,0x00000006d3180000)
 Metaspace       used 15425K, capacity 15630K, committed 15744K, reserved 1062912K
  class space    used 1813K, capacity 1909K, committed 1920K, reserved 1048576K
Event: 8.636 GC heap after
Heap after GC invocations=2 (full 0):
 PSYoungGen      total 74240K, used 10227K [0x000000076d980000, 0x0000000772c00000, 0x00000007c0000000)
  eden space 64000K, 0% used [0x000000076d980000,0x000000076d980000,0x0000000771800000)
  from space 10240K, 99% used [0x0000000772200000,0x0000000772bfcd10,0x0000000772c00000)
  to   space 10240K, 0% used [0x0000000771800000,0x0000000771800000,0x0000000772200000)
 ParOldGen       total 169472K, used 643K [0x00000006c8c00000, 0x00000006d3180000, 0x000000076d980000)
  object space 169472K, 0% used [0x00000006c8c00000,0x00000006c8ca0cb8,0x00000006d3180000)
 Metaspace       used 15425K, capacity 15630K, committed 15744K, reserved 1062912K
  class space    used 1813K, capacity 1909K, committed 1920K, reserved 1048576K
}
Event: 10.579 GC heap before
{Heap before GC invocations=3 (full 0):
 PSYoungGen      total 74240K, used 74227K [0x000000076d980000, 0x0000000772c00000, 0x00000007c0000000)
  eden space 64000K, 100% used [0x000000076d980000,0x0000000771800000,0x0000000771800000)
  from space 10240K, 99% used [0x0000000772200000,0x0000000772bfcd10,0x0000000772c00000)
  to   space 10240K, 0% used [0x0000000771800000,0x0000000771800000,0x0000000772200000)
 ParOldGen       total 169472K, used 643K [0x00000006c8c00000, 0x00000006d3180000, 0x000000076d980000)
  object space 169472K, 0% used [0x00000006c8c00000,0x00000006c8ca0cb8,0x00000006d3180000)
 Metaspace       used 15839K, capacity 16026K, committed 16256K, reserved 1062912K
  class space    used 1831K, capacity 1911K, committed 1920K, reserved 1048576K
Event: 10.624 GC heap after
Heap after GC invocations=3 (full 0):
 PSYoungGen      total 74240K, used 10240K [0x000000076d980000, 0x0000000776a80000, 0x00000007c0000000)
  eden space 64000K, 0% used [0x000000076d980000,0x000000076d980000,0x0000000771800000)
  from space 10240K, 100% used [0x0000000771800000,0x0000000772200000,0x0000000772200000)
  to   space 10240K, 0% used [0x0000000776080000,0x0000000776080000,0x0000000776a80000)
 ParOldGen       total 169472K, used 4654K [0x00000006c8c00000, 0x00000006d3180000, 0x000000076d980000)
  object space 169472K, 2% used [0x00000006c8c00000,0x00000006c908baa0,0x00000006d3180000)
 Metaspace       used 15839K, capacity 16026K, committed 16256K, reserved 1062912K
  class space    used 1831K, capacity 1911K, committed 1920K, reserved 1048576K
}
Event: 12.226 GC heap before
{Heap before GC invocations=4 (full 0):
 PSYoungGen      total 74240K, used 74240K [0x000000076d980000, 0x0000000776a80000, 0x00000007c0000000)
  eden space 64000K, 100% used [0x000000076d980000,0x0000000771800000,0x0000000771800000)
  from space 10240K, 100% used [0x0000000771800000,0x0000000772200000,0x0000000772200000)
  to   space 10240K, 0% used [0x0000000776080000,0x0000000776080000,0x0000000776a80000)
 ParOldGen       total 169472K, used 4654K [0x00000006c8c00000, 0x00000006d3180000, 0x000000076d980000)
  object space 169472K, 2% used [0x00000006c8c00000,0x00000006c908baa0,0x00000006d3180000)
 Metaspace       used 16150K, capacity 16388K, committed 16512K, reserved 1064960K
  class space    used 1835K, capacity 1918K, committed 1920K, reserved 1048576K
Event: 12.259 GC heap after
Heap after GC invocations=4 (full 0):
 PSYoungGen      total 138240K, used 10224K [0x000000076d980000, 0x0000000776a80000, 0x00000007c0000000)
  eden space 128000K, 0% used [0x000000076d980000,0x000000076d980000,0x0000000775680000)
  from space 10240K, 99% used [0x0000000776080000,0x0000000776a7c030,0x0000000776a80000)
  to   space 10240K, 0% used [0x0000000775680000,0x0000000775680000,0x0000000776080000)
 ParOldGen       total 169472K, used 9581K [0x00000006c8c00000, 0x00000006d3180000, 0x000000076d980000)
  object space 169472K, 5% used [0x00000006c8c00000,0x00000006c955b4a8,0x00000006d3180000)
 Metaspace       used 16150K, capacity 16388K, committed 16512K, reserved 1064960K
  class space    used 1835K, capacity 1918K, committed 1920K, reserved 1048576K
}
Event: 16.788 GC heap before
{Heap before GC invocations=5 (full 0):
 PSYoungGen      total 138240K, used 138224K [0x000000076d980000, 0x0000000776a80000, 0x00000007c0000000)
  eden space 128000K, 100% used [0x000000076d980000,0x0000000775680000,0x0000000775680000)
  from space 10240K, 99% used [0x0000000776080000,0x0000000776a7c030,0x0000000776a80000)
  to   space 10240K, 0% used [0x0000000775680000,0x0000000775680000,0x0000000776080000)
 ParOldGen       total 169472K, used 9581K [0x00000006c8c00000, 0x00000006d3180000, 0x000000076d980000)
  object space 169472K, 5% used [0x00000006c8c00000,0x00000006c955b4a8,0x00000006d3180000)
 Metaspace       used 17207K, capacity 17544K, committed 17664K, reserved 1064960K
  class space    used 1927K, capacity 2024K, committed 2048K, reserved 1048576K
Event: 16.848 GC heap after
Heap after GC invocations=5 (full 0):
 PSYoungGen      total 138240K, used 10208K [0x000000076d980000, 0x0000000776a80000, 0x00000007c0000000)
  eden space 128000K, 0% used [0x000000076d980000,0x000000076d980000,0x0000000775680000)
  from space 10240K, 99% used [0x0000000775680000,0x0000000776078020,0x0000000776080000)
  to   space 10240K, 0% used [0x0000000776080000,0x0000000776080000,0x0000000776a80000)
 ParOldGen       total 169472K, used 19026K [0x00000006c8c00000, 0x00000006d3180000, 0x000000076d980000)
  object space 169472K, 11% used [0x00000006c8c00000,0x00000006c9e94be0,0x00000006d3180000)
 Metaspace       used 17207K, capacity 17544K, committed 17664K, reserved 1064960K
  class space    used 1927K, capacity 2024K, committed 2048K, reserved 1048576K
}
Event: 21.636 GC heap before
{Heap before GC invocations=6 (full 0):
 PSYoungGen      total 138240K, used 138208K [0x000000076d980000, 0x0000000776a80000, 0x00000007c0000000)
  eden space 128000K, 100% used [0x000000076d980000,0x0000000775680000,0x0000000775680000)
  from space 10240K, 99% used [0x0000000775680000,0x0000000776078020,0x0000000776080000)
  to   space 10240K, 0% used [0x0000000776080000,0x0000000776080000,0x0000000776a80000)
 ParOldGen       total 169472K, used 19026K [0x00000006c8c00000, 0x00000006d3180000, 0x000000076d980000)
  object space 169472K, 11% used [0x00000006c8c00000,0x00000006c9e94be0,0x00000006d3180000)
 Metaspace       used 19911K, capacity 20578K, committed 20736K, reserved 1067008K
  class space    used 2312K, capacity 2518K, committed 2560K, reserved 1048576K
Event: 21.758 GC heap after
Heap after GC invocations=6 (full 0):
 PSYoungGen      total 138240K, used 10224K [0x000000076d980000, 0x0000000776a80000, 0x00000007c0000000)
  eden space 128000K, 0% used [0x000000076d980000,0x000000076d980000,0x0000000775680000)
  from space 10240K, 99% used [0x0000000776080000,0x0000000776a7c010,0x0000000776a80000)
  to   space 10240K, 0% used [0x0000000775680000,0x0000000775680000,0x0000000776080000)
 ParOldGen       total 169472K, used 27390K [0x00000006c8c00000, 0x00000006d3180000, 0x000000076d980000)
  object space 169472K, 16% used [0x00000006c8c00000,0x00000006ca6bfb18,0x00000006d3180000)
 Metaspace       used 19911K, capacity 20578K, committed 20736K, reserved 1067008K
  class space    used 2312K, capacity 2518K, committed 2560K, reserved 1048576K
}

